<?xml version="1.0" encoding="UTF-8"?>
<testsuite xmlns:xsi="http://www.w3.org/2001/XMLSchema-instance" xsi:noNamespaceSchemaLocation="https://maven.apache.org/surefire/maven-surefire-plugin/xsd/surefire-test-report-3.0.xsd" version="3.0" name="com.target.java.training.CalculatorTests" time="0.055" tests="6" errors="0" skipped="0" failures="0">
  <properties>
[...]
</properties>
  <testcase name="shouldAddStringNumbers" classname="com.target.java.training.CalculatorTests" time="0.031"/>
  <testcase name="shouldAddAllNumbersButNulls" classname="com.target.java.training.CalculatorTests" time="0.001"/>
  <testcase name="shouldAddTwoNumbers" classname="com.target.java.training.CalculatorTests" time="0.001"/>
  <testcase name="shouldAddNegativeNumbers" classname="com.target.java.training.CalculatorTests" time="0"/>
  <testcase name="shouldNotThrowException" classname="com.target.java.training.CalculatorTests" time="0.001"/>
  <testcase name="shouldThrowException" classname="com.target.java.training.CalculatorTests" time="0.001"/>
</testsuite>